# JRE version: Java(TM) SE Runtime Environment (8.0_162-b12) (build 1.8.0_162-b12)
# Java VM: Java HotSpot(TM) 64-Bit Server VM (25.162-b12 mixed mode windows-amd64 compressed oops)
Heap:
 PSYoungGen      total 141824K, used 26658K [0x00000000d6000000, 0x00000000e1880000, 0x0000000100000000)
  eden space 128000K, 10% used [0x00000000d6000000,0x00000000d6c90af0,0x00000000ddd00000)
  from space 13824K, 99% used [0x00000000e0b00000,0x00000000e1878028,0x00000000e1880000)
  to   space 10240K, 0% used [0x00000000ddd00000,0x00000000ddd00000,0x00000000de700000)
 ParOldGen       total 59392K, used 23288K [0x0000000082000000, 0x0000000085a00000, 0x00000000d6000000)
  object space 59392K, 39% used [0x0000000082000000,0x00000000836be230,0x0000000085a00000)
 Metaspace       used 49356K, capacity 50640K, committed 50944K, reserved 1093632K
  class space    used 6753K, capacity 7081K, committed 7168K, reserved 1048576K
GC Heap History (10 events):
Event: 4.594 GC heap before
{Heap before GC invocations=8 (full 1):
 PSYoungGen      total 110592K, used 110370K [0x00000000d6000000, 0x00000000df100000, 0x0000000100000000)
  eden space 103936K, 100% used [0x00000000d6000000,0x00000000dc580000,0x00000000dc580000)
  from space 6656K, 96% used [0x00000000dea80000,0x00000000df0c8910,0x00000000df100000)
  to   space 10240K, 0% used [0x00000000ddd00000,0x00000000ddd00000,0x00000000de700000)
 ParOldGen       total 59392K, used 8120K [0x0000000082000000, 0x0000000085a00000, 0x00000000d6000000)
  object space 59392K, 13% used [0x0000000082000000,0x00000000827ee160,0x0000000085a00000)
 Metaspace       used 32471K, capacity 32986K, committed 33408K, reserved 1077248K
  class space    used 4452K, capacity 4614K, committed 4736K, reserved 1048576K
Event: 4.614 GC heap after
Heap after GC invocations=8 (full 1):
 PSYoungGen      total 138240K, used 10235K [0x00000000d6000000, 0x00000000e1500000, 0x0000000100000000)
  eden space 128000K, 0% used [0x00000000d6000000,0x00000000d6000000,0x00000000ddd00000)
  from space 10240K, 99% used [0x00000000ddd00000,0x00000000de6feeb8,0x00000000de700000)
  to   space 11776K, 0% used [0x00000000e0980000,0x00000000e0980000,0x00000000e1500000)
 ParOldGen       total 59392K, used 8400K [0x0000000082000000, 0x0000000085a00000, 0x00000000d6000000)
  object space 59392K, 14% used [0x0000000082000000,0x0000000082834308,0x0000000085a00000)
 Metaspace       used 32471K, capacity 32986K, committed 33408K, reserved 1077248K
  class space    used 4452K, capacity 4614K, committed 4736K, reserved 1048576K
}
Event: 4.966 GC heap before
{Heap before GC invocations=9 (full 1):
 PSYoungGen      total 138240K, used 46588K [0x00000000d6000000, 0x00000000e1500000, 0x0000000100000000)
  eden space 128000K, 28% used [0x00000000d6000000,0x00000000d8380428,0x00000000ddd00000)
  from space 10240K, 99% used [0x00000000ddd00000,0x00000000de6feeb8,0x00000000de700000)
  to   space 11776K, 0% used [0x00000000e0980000,0x00000000e0980000,0x00000000e1500000)
 ParOldGen       total 59392K, used 8400K [0x0000000082000000, 0x0000000085a00000, 0x00000000d6000000)
  object space 59392K, 14% used [0x0000000082000000,0x0000000082834308,0x0000000085a00000)
 Metaspace       used 34586K, capacity 35138K, committed 35456K, reserved 1079296K
  class space    used 4728K, capacity 4901K, committed 4992K, reserved 1048576K
Event: 4.983 GC heap after
Heap after GC invocations=9 (full 1):
 PSYoungGen      total 139776K, used 11773K [0x00000000d6000000, 0x00000000e1500000, 0x0000000100000000)
  eden space 128000K, 0% used [0x00000000d6000000,0x00000000d6000000,0x00000000ddd00000)
  from space 11776K, 99% used [0x00000000e0980000,0x00000000e14ff7e0,0x00000000e1500000)
  to   space 10240K, 0% used [0x00000000ddd00000,0x00000000ddd00000,0x00000000de700000)
 ParOldGen       total 59392K, used 8659K [0x0000000082000000, 0x0000000085a00000, 0x00000000d6000000)
  object space 59392K, 14% used [0x0000000082000000,0x0000000082874fe8,0x0000000085a00000)
 Metaspace       used 34586K, capacity 35138K, committed 35456K, reserved 1079296K
  class space    used 4728K, capacity 4901K, committed 4992K, reserved 1048576K
}
Event: 4.983 GC heap before
{Heap before GC invocations=10 (full 2):
 PSYoungGen      total 139776K, used 11773K [0x00000000d6000000, 0x00000000e1500000, 0x0000000100000000)
  eden space 128000K, 0% used [0x00000000d6000000,0x00000000d6000000,0x00000000ddd00000)
  from space 11776K, 99% used [0x00000000e0980000,0x00000000e14ff7e0,0x00000000e1500000)
  to   space 10240K, 0% used [0x00000000ddd00000,0x00000000ddd00000,0x00000000de700000)
 ParOldGen       total 59392K, used 8659K [0x0000000082000000, 0x0000000085a00000, 0x00000000d6000000)
  object space 59392K, 14% used [0x0000000082000000,0x0000000082874fe8,0x0000000085a00000)
 Metaspace       used 34586K, capacity 35138K, committed 35456K, reserved 1079296K
  class space    used 4728K, capacity 4901K, committed 4992K, reserved 1048576K
Event: 5.097 GC heap after
Heap after GC invocations=10 (full 2):
 PSYoungGen      total 139776K, used 0K [0x00000000d6000000, 0x00000000e1500000, 0x0000000100000000)
  eden space 128000K, 0% used [0x00000000d6000000,0x00000000d6000000,0x00000000ddd00000)
  from space 11776K, 0% used [0x00000000e0980000,0x00000000e0980000,0x00000000e1500000)
  to   space 10240K, 0% used [0x00000000ddd00000,0x00000000ddd00000,0x00000000de700000)
 ParOldGen       total 59392K, used 19249K [0x0000000082000000, 0x0000000085a00000, 0x00000000d6000000)
  object space 59392K, 32% used [0x0000000082000000,0x00000000832cc5c8,0x0000000085a00000)
 Metaspace       used 34586K, capacity 35138K, committed 35456K, reserved 1079296K
  class space    used 4728K, capacity 4901K, committed 4992K, reserved 1048576K
}
Event: 6.689 GC heap before
{Heap before GC invocations=11 (full 2):
 PSYoungGen      total 139776K, used 128000K [0x00000000d6000000, 0x00000000e1500000, 0x0000000100000000)
  eden space 128000K, 100% used [0x00000000d6000000,0x00000000ddd00000,0x00000000ddd00000)
  from space 11776K, 0% used [0x00000000e0980000,0x00000000e0980000,0x00000000e1500000)
  to   space 10240K, 0% used [0x00000000ddd00000,0x00000000ddd00000,0x00000000de700000)
 ParOldGen       total 59392K, used 19249K [0x0000000082000000, 0x0000000085a00000, 0x00000000d6000000)
  object space 59392K, 32% used [0x0000000082000000,0x00000000832cc5c8,0x0000000085a00000)
 Metaspace       used 43102K, capacity 44014K, committed 44288K, reserved 1087488K
  class space    used 5868K, capacity 6122K, committed 6144K, reserved 1048576K
Event: 6.699 GC heap after
Heap after GC invocations=11 (full 2):
 PSYoungGen      total 138240K, used 10212K [0x00000000d6000000, 0x00000000e1880000, 0x0000000100000000)
  eden space 128000K, 0% used [0x00000000d6000000,0x00000000d6000000,0x00000000ddd00000)
  from space 10240K, 99% used [0x00000000ddd00000,0x00000000de6f91d0,0x00000000de700000)
  to   space 13824K, 0% used [0x00000000e0b00000,0x00000000e0b00000,0x00000000e1880000)
 ParOldGen       total 59392K, used 19570K [0x0000000082000000, 0x0000000085a00000, 0x00000000d6000000)
  object space 59392K, 32% used [0x0000000082000000,0x000000008331cb40,0x0000000085a00000)
 Metaspace       used 43102K, capacity 44014K, committed 44288K, reserved 1087488K
  class space    used 5868K, capacity 6122K, committed 6144K, reserved 1048576K
}
Event: 8.178 GC heap before
{Heap before GC invocations=12 (full 2):
 PSYoungGen      total 138240K, used 138212K [0x00000000d6000000, 0x00000000e1880000, 0x0000000100000000)
  eden space 128000K, 100% used [0x00000000d6000000,0x00000000ddd00000,0x00000000ddd00000)
  from space 10240K, 99% used [0x00000000ddd00000,0x00000000de6f91d0,0x00000000de700000)
  to   space 13824K, 0% used [0x00000000e0b00000,0x00000000e0b00000,0x00000000e1880000)
 ParOldGen       total 59392K, used 19570K [0x0000000082000000, 0x0000000085a00000, 0x00000000d6000000)
  object space 59392K, 32% used [0x0000000082000000,0x000000008331cb40,0x0000000085a00000)
 Metaspace       used 48334K, capacity 49628K, committed 49792K, reserved 1091584K
  class space    used 6622K, capacity 6963K, committed 7040K, reserved 1048576K
Event: 8.207 GC heap after
Heap after GC invocations=12 (full 2):
 PSYoungGen      total 141824K, used 13792K [0x00000000d6000000, 0x00000000e1880000, 0x0000000100000000)
  eden space 128000K, 0% used [0x00000000d6000000,0x00000000d6000000,0x00000000ddd00000)
  from space 13824K, 99% used [0x00000000e0b00000,0x00000000e1878028,0x00000000e1880000)
  to   space 10240K, 0% used [0x00000000ddd00000,0x00000000ddd00000,0x00000000de700000)
 ParOldGen       total 59392K, used 23288K [0x0000000082000000, 0x0000000085a00000, 0x00000000d6000000)
  object space 59392K, 39% used [0x0000000082000000,0x00000000836be230,0x0000000085a00000)
 Metaspace       used 48334K, capacity 49628K, committed 49792K, reserved 1091584K
  class space    used 6622K, capacity 6963K, committed 7040K, reserved 1048576K
}

