# JRE version: Java(TM) SE Runtime Environment (8.0_162-b12) (build 1.8.0_162-b12)
# Java VM: Java HotSpot(TM) 64-Bit Server VM (25.162-b12 mixed mode windows-amd64 compressed oops)
Heap:
 PSYoungGen      total 99840K, used 83724K [0x00000000d6000000, 0x00000000dcf80000, 0x0000000100000000)
  eden space 89600K, 84% used [0x00000000d6000000,0x00000000daa10188,0x00000000db780000)
  from space 10240K, 76% used [0x00000000dc280000,0x00000000dca32f08,0x00000000dcc80000)
  to   space 11264K, 0% used [0x00000000db780000,0x00000000db780000,0x00000000dc280000)
 ParOldGen       total 61952K, used 18388K [0x0000000082000000, 0x0000000085c80000, 0x00000000d6000000)
  object space 61952K, 29% used [0x0000000082000000,0x00000000831f5358,0x0000000085c80000)
 Metaspace       used 44808K, capacity 45820K, committed 45952K, reserved 1089536K
  class space    used 6127K, capacity 6419K, committed 6528K, reserved 1048576K
GC Heap History (10 events):
Event: 4.066 GC heap before
{Heap before GC invocations=8 (full 1):
 PSYoungGen      total 65536K, used 65520K [0x00000000d6000000, 0x00000000dd700000, 0x0000000100000000)
  eden space 60416K, 100% used [0x00000000d6000000,0x00000000d9b00000,0x00000000d9b00000)
  from space 5120K, 99% used [0x00000000da500000,0x00000000da9fc3b8,0x00000000daa00000)
  to   space 10240K, 0% used [0x00000000d9b00000,0x00000000d9b00000,0x00000000da500000)
 ParOldGen       total 61952K, used 11530K [0x0000000082000000, 0x0000000085c80000, 0x00000000d6000000)
  object space 61952K, 18% used [0x0000000082000000,0x0000000082b42b48,0x0000000085c80000)
 Metaspace       used 30666K, capacity 31150K, committed 31616K, reserved 1077248K
  class space    used 4222K, capacity 4388K, committed 4480K, reserved 1048576K
Event: 4.074 GC heap after
Heap after GC invocations=8 (full 1):
 PSYoungGen      total 70656K, used 7634K [0x00000000d6000000, 0x00000000dcc80000, 0x0000000100000000)
  eden space 60416K, 0% used [0x00000000d6000000,0x00000000d6000000,0x00000000d9b00000)
  from space 10240K, 74% used [0x00000000d9b00000,0x00000000da274800,0x00000000da500000)
  to   space 10240K, 0% used [0x00000000dc280000,0x00000000dc280000,0x00000000dcc80000)
 ParOldGen       total 61952K, used 11538K [0x0000000082000000, 0x0000000085c80000, 0x00000000d6000000)
  object space 61952K, 18% used [0x0000000082000000,0x0000000082b44b48,0x0000000085c80000)
 Metaspace       used 30666K, capacity 31150K, committed 31616K, reserved 1077248K
  class space    used 4222K, capacity 4388K, committed 4480K, reserved 1048576K
}
Event: 4.652 GC heap before
{Heap before GC invocations=9 (full 1):
 PSYoungGen      total 70656K, used 68050K [0x00000000d6000000, 0x00000000dcc80000, 0x0000000100000000)
  eden space 60416K, 100% used [0x00000000d6000000,0x00000000d9b00000,0x00000000d9b00000)
  from space 10240K, 74% used [0x00000000d9b00000,0x00000000da274800,0x00000000da500000)
  to   space 10240K, 0% used [0x00000000dc280000,0x00000000dc280000,0x00000000dcc80000)
 ParOldGen       total 61952K, used 11538K [0x0000000082000000, 0x0000000085c80000, 0x00000000d6000000)
  object space 61952K, 18% used [0x0000000082000000,0x0000000082b44b48,0x0000000085c80000)
 Metaspace       used 34129K, capacity 34642K, committed 35072K, reserved 1079296K
  class space    used 4654K, capacity 4778K, committed 4864K, reserved 1048576K
Event: 4.669 GC heap after
Heap after GC invocations=9 (full 1):
 PSYoungGen      total 99840K, used 10211K [0x00000000d6000000, 0x00000000dcf80000, 0x0000000100000000)
  eden space 89600K, 0% used [0x00000000d6000000,0x00000000d6000000,0x00000000db780000)
  from space 10240K, 99% used [0x00000000dc280000,0x00000000dcc78f90,0x00000000dcc80000)
  to   space 11264K, 0% used [0x00000000db780000,0x00000000db780000,0x00000000dc280000)
 ParOldGen       total 61952K, used 12234K [0x0000000082000000, 0x0000000085c80000, 0x00000000d6000000)
  object space 61952K, 19% used [0x0000000082000000,0x0000000082bf2878,0x0000000085c80000)
 Metaspace       used 34129K, capacity 34642K, committed 35072K, reserved 1079296K
  class space    used 4654K, capacity 4778K, committed 4864K, reserved 1048576K
}
Event: 4.830 GC heap before
{Heap before GC invocations=10 (full 1):
 PSYoungGen      total 99840K, used 26310K [0x00000000d6000000, 0x00000000dcf80000, 0x0000000100000000)
  eden space 89600K, 17% used [0x00000000d6000000,0x00000000d6fb8878,0x00000000db780000)
  from space 10240K, 99% used [0x00000000dc280000,0x00000000dcc78f90,0x00000000dcc80000)
  to   space 11264K, 0% used [0x00000000db780000,0x00000000db780000,0x00000000dc280000)
 ParOldGen       total 61952K, used 12234K [0x0000000082000000, 0x0000000085c80000, 0x00000000d6000000)
  object space 61952K, 19% used [0x0000000082000000,0x0000000082bf2878,0x0000000085c80000)
 Metaspace       used 34582K, capacity 35136K, committed 35456K, reserved 1079296K
  class space    used 4729K, capacity 4899K, committed 4992K, reserved 1048576K
Event: 4.843 GC heap after
Heap after GC invocations=10 (full 1):
 PSYoungGen      total 100864K, used 10902K [0x00000000d6000000, 0x00000000dcf80000, 0x0000000100000000)
  eden space 89600K, 0% used [0x00000000d6000000,0x00000000d6000000,0x00000000db780000)
  from space 11264K, 96% used [0x00000000db780000,0x00000000dc225a98,0x00000000dc280000)
  to   space 10240K, 0% used [0x00000000dc280000,0x00000000dc280000,0x00000000dcc80000)
 ParOldGen       total 61952K, used 12306K [0x0000000082000000, 0x0000000085c80000, 0x00000000d6000000)
  object space 61952K, 19% used [0x0000000082000000,0x0000000082c04888,0x0000000085c80000)
 Metaspace       used 34582K, capacity 35136K, committed 35456K, reserved 1079296K
  class space    used 4729K, capacity 4899K, committed 4992K, reserved 1048576K
}
Event: 4.843 GC heap before
{Heap before GC invocations=11 (full 2):
 PSYoungGen      total 100864K, used 10902K [0x00000000d6000000, 0x00000000dcf80000, 0x0000000100000000)
  eden space 89600K, 0% used [0x00000000d6000000,0x00000000d6000000,0x00000000db780000)
  from space 11264K, 96% used [0x00000000db780000,0x00000000dc225a98,0x00000000dc280000)
  to   space 10240K, 0% used [0x00000000dc280000,0x00000000dc280000,0x00000000dcc80000)
 ParOldGen       total 61952K, used 12306K [0x0000000082000000, 0x0000000085c80000, 0x00000000d6000000)
  object space 61952K, 19% used [0x0000000082000000,0x0000000082c04888,0x0000000085c80000)
 Metaspace       used 34582K, capacity 35136K, committed 35456K, reserved 1079296K
  class space    used 4729K, capacity 4899K, committed 4992K, reserved 1048576K
Event: 4.934 GC heap after
Heap after GC invocations=11 (full 2):
 PSYoungGen      total 100864K, used 0K [0x00000000d6000000, 0x00000000dcf80000, 0x0000000100000000)
  eden space 89600K, 0% used [0x00000000d6000000,0x00000000d6000000,0x00000000db780000)
  from space 11264K, 0% used [0x00000000db780000,0x00000000db780000,0x00000000dc280000)
  to   space 10240K, 0% used [0x00000000dc280000,0x00000000dc280000,0x00000000dcc80000)
 ParOldGen       total 61952K, used 18316K [0x0000000082000000, 0x0000000085c80000, 0x00000000d6000000)
  object space 61952K, 29% used [0x0000000082000000,0x00000000831e3348,0x0000000085c80000)
 Metaspace       used 34582K, capacity 35136K, committed 35456K, reserved 1079296K
  class space    used 4729K, capacity 4899K, committed 4992K, reserved 1048576K
}
Event: 6.046 GC heap before
{Heap before GC invocations=12 (full 2):
 PSYoungGen      total 100864K, used 89600K [0x00000000d6000000, 0x00000000dcf80000, 0x0000000100000000)
  eden space 89600K, 100% used [0x00000000d6000000,0x00000000db780000,0x00000000db780000)
  from space 11264K, 0% used [0x00000000db780000,0x00000000db780000,0x00000000dc280000)
  to   space 10240K, 0% used [0x00000000dc280000,0x00000000dc280000,0x00000000dcc80000)
 ParOldGen       total 61952K, used 18316K [0x0000000082000000, 0x0000000085c80000, 0x00000000d6000000)
  object space 61952K, 29% used [0x0000000082000000,0x00000000831e3348,0x0000000085c80000)
 Metaspace       used 41881K, capacity 42622K, committed 42880K, reserved 1085440K
  class space    used 5694K, capacity 5917K, committed 6016K, reserved 1048576K
Event: 6.053 GC heap after
Heap after GC invocations=12 (full 2):
 PSYoungGen      total 99840K, used 7883K [0x00000000d6000000, 0x00000000dcf80000, 0x0000000100000000)
  eden space 89600K, 0% used [0x00000000d6000000,0x00000000d6000000,0x00000000db780000)
  from space 10240K, 76% used [0x00000000dc280000,0x00000000dca32f08,0x00000000dcc80000)
  to   space 11264K, 0% used [0x00000000db780000,0x00000000db780000,0x00000000dc280000)
 ParOldGen       total 61952K, used 18388K [0x0000000082000000, 0x0000000085c80000, 0x00000000d6000000)
  object space 61952K, 29% used [0x0000000082000000,0x00000000831f5358,0x0000000085c80000)
 Metaspace       used 41881K, capacity 42622K, committed 42880K, reserved 1085440K
  class space    used 5694K, capacity 5917K, committed 6016K, reserved 1048576K
}

