# JRE version: Java(TM) SE Runtime Environment (8.0_162-b12) (build 1.8.0_162-b12)
# Java VM: Java HotSpot(TM) 64-Bit Server VM (25.162-b12 mixed mode windows-amd64 compressed oops)
Heap:
 PSYoungGen      total 102912K, used 84557K [0x00000000d6000000, 0x00000000dd480000, 0x0000000100000000)
  eden space 92672K, 82% used [0x00000000d6000000,0x00000000daac3790,0x00000000dba80000)
  from space 10240K, 78% used [0x00000000dc580000,0x00000000dcd4ffc8,0x00000000dcf80000)
  to   space 11264K, 0% used [0x00000000dba80000,0x00000000dba80000,0x00000000dc580000)
 ParOldGen       total 58368K, used 18519K [0x0000000082000000, 0x0000000085900000, 0x00000000d6000000)
  object space 58368K, 31% used [0x0000000082000000,0x0000000083215df0,0x0000000085900000)
 Metaspace       used 45856K, capacity 46952K, committed 47104K, reserved 1089536K
  class space    used 6268K, capacity 6581K, committed 6656K, reserved 1048576K
GC Heap History (10 events):
Event: 4.028 GC heap before
{Heap before GC invocations=8 (full 1):
 PSYoungGen      total 65536K, used 65515K [0x00000000d6000000, 0x00000000dd980000, 0x0000000100000000)
  eden space 60416K, 100% used [0x00000000d6000000,0x00000000d9b00000,0x00000000d9b00000)
  from space 5120K, 99% used [0x00000000da500000,0x00000000da9fac98,0x00000000daa00000)
  to   space 10240K, 0% used [0x00000000d9b00000,0x00000000d9b00000,0x00000000da500000)
 ParOldGen       total 58368K, used 9146K [0x0000000082000000, 0x0000000085900000, 0x00000000d6000000)
  object space 58368K, 15% used [0x0000000082000000,0x00000000828eea68,0x0000000085900000)
 Metaspace       used 30530K, capacity 31022K, committed 31360K, reserved 1077248K
  class space    used 4201K, capacity 4388K, committed 4480K, reserved 1048576K
Event: 4.040 GC heap after
Heap after GC invocations=8 (full 1):
 PSYoungGen      total 70656K, used 7526K [0x00000000d6000000, 0x00000000dcf80000, 0x0000000100000000)
  eden space 60416K, 0% used [0x00000000d6000000,0x00000000d6000000,0x00000000d9b00000)
  from space 10240K, 73% used [0x00000000d9b00000,0x00000000da259870,0x00000000da500000)
  to   space 10240K, 0% used [0x00000000dc580000,0x00000000dc580000,0x00000000dcf80000)
 ParOldGen       total 58368K, used 9154K [0x0000000082000000, 0x0000000085900000, 0x00000000d6000000)
  object space 58368K, 15% used [0x0000000082000000,0x00000000828f0a68,0x0000000085900000)
 Metaspace       used 30530K, capacity 31022K, committed 31360K, reserved 1077248K
  class space    used 4201K, capacity 4388K, committed 4480K, reserved 1048576K
}
Event: 4.623 GC heap before
{Heap before GC invocations=9 (full 1):
 PSYoungGen      total 70656K, used 67942K [0x00000000d6000000, 0x00000000dcf80000, 0x0000000100000000)
  eden space 60416K, 100% used [0x00000000d6000000,0x00000000d9b00000,0x00000000d9b00000)
  from space 10240K, 73% used [0x00000000d9b00000,0x00000000da259870,0x00000000da500000)
  to   space 10240K, 0% used [0x00000000dc580000,0x00000000dc580000,0x00000000dcf80000)
 ParOldGen       total 58368K, used 9154K [0x0000000082000000, 0x0000000085900000, 0x00000000d6000000)
  object space 58368K, 15% used [0x0000000082000000,0x00000000828f0a68,0x0000000085900000)
 Metaspace       used 34088K, capacity 34642K, committed 35072K, reserved 1079296K
  class space    used 4651K, capacity 4778K, committed 4864K, reserved 1048576K
Event: 4.648 GC heap after
Heap after GC invocations=9 (full 1):
 PSYoungGen      total 102912K, used 10088K [0x00000000d6000000, 0x00000000dd480000, 0x0000000100000000)
  eden space 92672K, 0% used [0x00000000d6000000,0x00000000d6000000,0x00000000dba80000)
  from space 10240K, 98% used [0x00000000dc580000,0x00000000dcf5a2a8,0x00000000dcf80000)
  to   space 11264K, 0% used [0x00000000dba80000,0x00000000dba80000,0x00000000dc580000)
 ParOldGen       total 58368K, used 9162K [0x0000000082000000, 0x0000000085900000, 0x00000000d6000000)
  object space 58368K, 15% used [0x0000000082000000,0x00000000828f2a68,0x0000000085900000)
 Metaspace       used 34088K, capacity 34642K, committed 35072K, reserved 1079296K
  class space    used 4651K, capacity 4778K, committed 4864K, reserved 1048576K
}
Event: 4.810 GC heap before
{Heap before GC invocations=10 (full 1):
 PSYoungGen      total 102912K, used 30456K [0x00000000d6000000, 0x00000000dd480000, 0x0000000100000000)
  eden space 92672K, 21% used [0x00000000d6000000,0x00000000d73e40c8,0x00000000dba80000)
  from space 10240K, 98% used [0x00000000dc580000,0x00000000dcf5a2a8,0x00000000dcf80000)
  to   space 11264K, 0% used [0x00000000dba80000,0x00000000dba80000,0x00000000dc580000)
 ParOldGen       total 58368K, used 9162K [0x0000000082000000, 0x0000000085900000, 0x00000000d6000000)
  object space 58368K, 15% used [0x0000000082000000,0x00000000828f2a68,0x0000000085900000)
 Metaspace       used 34578K, capacity 35138K, committed 35456K, reserved 1079296K
  class space    used 4727K, capacity 4901K, committed 4992K, reserved 1048576K
Event: 4.824 GC heap after
Heap after GC invocations=10 (full 1):
 PSYoungGen      total 103936K, used 9242K [0x00000000d6000000, 0x00000000dd480000, 0x0000000100000000)
  eden space 92672K, 0% used [0x00000000d6000000,0x00000000d6000000,0x00000000dba80000)
  from space 11264K, 82% used [0x00000000dba80000,0x00000000dc386898,0x00000000dc580000)
  to   space 10240K, 0% used [0x00000000dc580000,0x00000000dc580000,0x00000000dcf80000)
 ParOldGen       total 58368K, used 11075K [0x0000000082000000, 0x0000000085900000, 0x00000000d6000000)
  object space 58368K, 18% used [0x0000000082000000,0x0000000082ad0fe0,0x0000000085900000)
 Metaspace       used 34578K, capacity 35138K, committed 35456K, reserved 1079296K
  class space    used 4727K, capacity 4901K, committed 4992K, reserved 1048576K
}
Event: 4.825 GC heap before
{Heap before GC invocations=11 (full 2):
 PSYoungGen      total 103936K, used 9242K [0x00000000d6000000, 0x00000000dd480000, 0x0000000100000000)
  eden space 92672K, 0% used [0x00000000d6000000,0x00000000d6000000,0x00000000dba80000)
  from space 11264K, 82% used [0x00000000dba80000,0x00000000dc386898,0x00000000dc580000)
  to   space 10240K, 0% used [0x00000000dc580000,0x00000000dc580000,0x00000000dcf80000)
 ParOldGen       total 58368K, used 11075K [0x0000000082000000, 0x0000000085900000, 0x00000000d6000000)
  object space 58368K, 18% used [0x0000000082000000,0x0000000082ad0fe0,0x0000000085900000)
 Metaspace       used 34578K, capacity 35138K, committed 35456K, reserved 1079296K
  class space    used 4727K, capacity 4901K, committed 4992K, reserved 1048576K
Event: 4.932 GC heap after
Heap after GC invocations=11 (full 2):
 PSYoungGen      total 103936K, used 0K [0x00000000d6000000, 0x00000000dd480000, 0x0000000100000000)
  eden space 92672K, 0% used [0x00000000d6000000,0x00000000d6000000,0x00000000dba80000)
  from space 11264K, 0% used [0x00000000dba80000,0x00000000dba80000,0x00000000dc580000)
  to   space 10240K, 0% used [0x00000000dc580000,0x00000000dc580000,0x00000000dcf80000)
 ParOldGen       total 58368K, used 18447K [0x0000000082000000, 0x0000000085900000, 0x00000000d6000000)
  object space 58368K, 31% used [0x0000000082000000,0x0000000083203de0,0x0000000085900000)
 Metaspace       used 34578K, capacity 35138K, committed 35456K, reserved 1079296K
  class space    used 4727K, capacity 4901K, committed 4992K, reserved 1048576K
}
Event: 6.111 GC heap before
{Heap before GC invocations=12 (full 2):
 PSYoungGen      total 103936K, used 92672K [0x00000000d6000000, 0x00000000dd480000, 0x0000000100000000)
  eden space 92672K, 100% used [0x00000000d6000000,0x00000000dba80000,0x00000000dba80000)
  from space 11264K, 0% used [0x00000000dba80000,0x00000000dba80000,0x00000000dc580000)
  to   space 10240K, 0% used [0x00000000dc580000,0x00000000dc580000,0x00000000dcf80000)
 ParOldGen       total 58368K, used 18447K [0x0000000082000000, 0x0000000085900000, 0x00000000d6000000)
  object space 58368K, 31% used [0x0000000082000000,0x0000000083203de0,0x0000000085900000)
 Metaspace       used 41936K, capacity 42692K, committed 43136K, reserved 1087488K
  class space    used 5694K, capacity 5919K, committed 6016K, reserved 1048576K
Event: 6.117 GC heap after
Heap after GC invocations=12 (full 2):
 PSYoungGen      total 102912K, used 7999K [0x00000000d6000000, 0x00000000dd480000, 0x0000000100000000)
  eden space 92672K, 0% used [0x00000000d6000000,0x00000000d6000000,0x00000000dba80000)
  from space 10240K, 78% used [0x00000000dc580000,0x00000000dcd4ffc8,0x00000000dcf80000)
  to   space 11264K, 0% used [0x00000000dba80000,0x00000000dba80000,0x00000000dc580000)
 ParOldGen       total 58368K, used 18519K [0x0000000082000000, 0x0000000085900000, 0x00000000d6000000)
  object space 58368K, 31% used [0x0000000082000000,0x0000000083215df0,0x0000000085900000)
 Metaspace       used 41936K, capacity 42692K, committed 43136K, reserved 1087488K
  class space    used 5694K, capacity 5919K, committed 6016K, reserved 1048576K
}

