# JRE version: Java(TM) SE Runtime Environment (8.0_162-b12) (build 1.8.0_162-b12)
# Java VM: Java HotSpot(TM) 64-Bit Server VM (25.162-b12 mixed mode windows-amd64 compressed oops)
Heap:
 PSYoungGen      total 102912K, used 34690K [0x00000000d6000000, 0x00000000dd000000, 0x0000000100000000)
  eden space 91648K, 37% used [0x00000000d6000000,0x00000000d81e08f0,0x00000000db980000)
  from space 11264K, 0% used [0x00000000db980000,0x00000000db980000,0x00000000dc480000)
  to   space 10240K, 0% used [0x00000000dc480000,0x00000000dc480000,0x00000000dce80000)
 ParOldGen       total 89088K, used 18341K [0x0000000082000000, 0x0000000087700000, 0x00000000d6000000)
  object space 89088K, 20% used [0x0000000082000000,0x00000000831e9410,0x0000000087700000)
 Metaspace       used 38475K, capacity 39170K, committed 39680K, reserved 1083392K
  class space    used 5324K, capacity 5566K, committed 5632K, reserved 1048576K
GC Heap History (10 events):
Event: 3.536 GC heap before
{Heap before GC invocations=7 (full 1):
 PSYoungGen      total 70656K, used 65536K [0x00000000d6000000, 0x00000000daa00000, 0x0000000100000000)
  eden space 65536K, 100% used [0x00000000d6000000,0x00000000da000000,0x00000000da000000)
  from space 5120K, 0% used [0x00000000da000000,0x00000000da000000,0x00000000da500000)
  to   space 5120K, 0% used [0x00000000da500000,0x00000000da500000,0x00000000daa00000)
 ParOldGen       total 60928K, used 10209K [0x0000000082000000, 0x0000000085b80000, 0x00000000d6000000)
  object space 60928K, 16% used [0x0000000082000000,0x00000000829f84e8,0x0000000085b80000)
 Metaspace       used 26655K, capacity 27068K, committed 27520K, reserved 1073152K
  class space    used 3727K, capacity 3859K, committed 3968K, reserved 1048576K
Event: 3.544 GC heap after
Heap after GC invocations=7 (full 1):
 PSYoungGen      total 65536K, used 5116K [0x00000000d6000000, 0x00000000dd980000, 0x0000000100000000)
  eden space 60416K, 0% used [0x00000000d6000000,0x00000000d6000000,0x00000000d9b00000)
  from space 5120K, 99% used [0x00000000da500000,0x00000000da9ff3a8,0x00000000daa00000)
  to   space 10240K, 0% used [0x00000000d9b00000,0x00000000d9b00000,0x00000000da500000)
 ParOldGen       total 60928K, used 11424K [0x0000000082000000, 0x0000000085b80000, 0x00000000d6000000)
  object space 60928K, 18% used [0x0000000082000000,0x0000000082b282a8,0x0000000085b80000)
 Metaspace       used 26655K, capacity 27068K, committed 27520K, reserved 1073152K
  class space    used 3727K, capacity 3859K, committed 3968K, reserved 1048576K
}
Event: 4.409 GC heap before
{Heap before GC invocations=8 (full 1):
 PSYoungGen      total 65536K, used 65532K [0x00000000d6000000, 0x00000000dd980000, 0x0000000100000000)
  eden space 60416K, 100% used [0x00000000d6000000,0x00000000d9b00000,0x00000000d9b00000)
  from space 5120K, 99% used [0x00000000da500000,0x00000000da9ff3a8,0x00000000daa00000)
  to   space 10240K, 0% used [0x00000000d9b00000,0x00000000d9b00000,0x00000000da500000)
 ParOldGen       total 60928K, used 11424K [0x0000000082000000, 0x0000000085b80000, 0x00000000d6000000)
  object space 60928K, 18% used [0x0000000082000000,0x0000000082b282a8,0x0000000085b80000)
 Metaspace       used 30563K, capacity 31086K, committed 31616K, reserved 1077248K
  class space    used 4200K, capacity 4388K, committed 4480K, reserved 1048576K
Event: 4.416 GC heap after
Heap after GC invocations=8 (full 1):
 PSYoungGen      total 70656K, used 7517K [0x00000000d6000000, 0x00000000dce80000, 0x0000000100000000)
  eden space 60416K, 0% used [0x00000000d6000000,0x00000000d6000000,0x00000000d9b00000)
  from space 10240K, 73% used [0x00000000d9b00000,0x00000000da2575d0,0x00000000da500000)
  to   space 10240K, 0% used [0x00000000dc480000,0x00000000dc480000,0x00000000dce80000)
 ParOldGen       total 60928K, used 11432K [0x0000000082000000, 0x0000000085b80000, 0x00000000d6000000)
  object space 60928K, 18% used [0x0000000082000000,0x0000000082b2a2a8,0x0000000085b80000)
 Metaspace       used 30563K, capacity 31086K, committed 31616K, reserved 1077248K
  class space    used 4200K, capacity 4388K, committed 4480K, reserved 1048576K
}
Event: 4.995 GC heap before
{Heap before GC invocations=9 (full 1):
 PSYoungGen      total 70656K, used 67933K [0x00000000d6000000, 0x00000000dce80000, 0x0000000100000000)
  eden space 60416K, 100% used [0x00000000d6000000,0x00000000d9b00000,0x00000000d9b00000)
  from space 10240K, 73% used [0x00000000d9b00000,0x00000000da2575d0,0x00000000da500000)
  to   space 10240K, 0% used [0x00000000dc480000,0x00000000dc480000,0x00000000dce80000)
 ParOldGen       total 60928K, used 11432K [0x0000000082000000, 0x0000000085b80000, 0x00000000d6000000)
  object space 60928K, 18% used [0x0000000082000000,0x0000000082b2a2a8,0x0000000085b80000)
 Metaspace       used 34127K, capacity 34642K, committed 35072K, reserved 1079296K
  class space    used 4651K, capacity 4778K, committed 4864K, reserved 1048576K
Event: 5.008 GC heap after
Heap after GC invocations=9 (full 1):
 PSYoungGen      total 101888K, used 10230K [0x00000000d6000000, 0x00000000dd000000, 0x0000000100000000)
  eden space 91648K, 0% used [0x00000000d6000000,0x00000000d6000000,0x00000000db980000)
  from space 10240K, 99% used [0x00000000dc480000,0x00000000dce7d8c0,0x00000000dce80000)
  to   space 11264K, 0% used [0x00000000db980000,0x00000000db980000,0x00000000dc480000)
 ParOldGen       total 60928K, used 11761K [0x0000000082000000, 0x0000000085b80000, 0x00000000d6000000)
  object space 60928K, 19% used [0x0000000082000000,0x0000000082b7c6c8,0x0000000085b80000)
 Metaspace       used 34127K, capacity 34642K, committed 35072K, reserved 1079296K
  class space    used 4651K, capacity 4778K, committed 4864K, reserved 1048576K
}
Event: 5.163 GC heap before
{Heap before GC invocations=10 (full 1):
 PSYoungGen      total 101888K, used 28687K [0x00000000d6000000, 0x00000000dd000000, 0x0000000100000000)
  eden space 91648K, 20% used [0x00000000d6000000,0x00000000d7206420,0x00000000db980000)
  from space 10240K, 99% used [0x00000000dc480000,0x00000000dce7d8c0,0x00000000dce80000)
  to   space 11264K, 0% used [0x00000000db980000,0x00000000db980000,0x00000000dc480000)
 ParOldGen       total 60928K, used 11761K [0x0000000082000000, 0x0000000085b80000, 0x00000000d6000000)
  object space 60928K, 19% used [0x0000000082000000,0x0000000082b7c6c8,0x0000000085b80000)
 Metaspace       used 34582K, capacity 35136K, committed 35456K, reserved 1079296K
  class space    used 4726K, capacity 4899K, committed 4992K, reserved 1048576K
Event: 5.177 GC heap after
Heap after GC invocations=10 (full 1):
 PSYoungGen      total 102912K, used 9211K [0x00000000d6000000, 0x00000000dd000000, 0x0000000100000000)
  eden space 91648K, 0% used [0x00000000d6000000,0x00000000d6000000,0x00000000db980000)
  from space 11264K, 81% used [0x00000000db980000,0x00000000dc27eff0,0x00000000dc480000)
  to   space 10240K, 0% used [0x00000000dc480000,0x00000000dc480000,0x00000000dce80000)
 ParOldGen       total 60928K, used 13632K [0x0000000082000000, 0x0000000085b80000, 0x00000000d6000000)
  object space 60928K, 22% used [0x0000000082000000,0x0000000082d50050,0x0000000085b80000)
 Metaspace       used 34582K, capacity 35136K, committed 35456K, reserved 1079296K
  class space    used 4726K, capacity 4899K, committed 4992K, reserved 1048576K
}
Event: 5.177 GC heap before
{Heap before GC invocations=11 (full 2):
 PSYoungGen      total 102912K, used 9211K [0x00000000d6000000, 0x00000000dd000000, 0x0000000100000000)
  eden space 91648K, 0% used [0x00000000d6000000,0x00000000d6000000,0x00000000db980000)
  from space 11264K, 81% used [0x00000000db980000,0x00000000dc27eff0,0x00000000dc480000)
  to   space 10240K, 0% used [0x00000000dc480000,0x00000000dc480000,0x00000000dce80000)
 ParOldGen       total 60928K, used 13632K [0x0000000082000000, 0x0000000085b80000, 0x00000000d6000000)
  object space 60928K, 22% used [0x0000000082000000,0x0000000082d50050,0x0000000085b80000)
 Metaspace       used 34582K, capacity 35136K, committed 35456K, reserved 1079296K
  class space    used 4726K, capacity 4899K, committed 4992K, reserved 1048576K
Event: 5.283 GC heap after
Heap after GC invocations=11 (full 2):
 PSYoungGen      total 102912K, used 0K [0x00000000d6000000, 0x00000000dd000000, 0x0000000100000000)
  eden space 91648K, 0% used [0x00000000d6000000,0x00000000d6000000,0x00000000db980000)
  from space 11264K, 0% used [0x00000000db980000,0x00000000db980000,0x00000000dc480000)
  to   space 10240K, 0% used [0x00000000dc480000,0x00000000dc480000,0x00000000dce80000)
 ParOldGen       total 89088K, used 18341K [0x0000000082000000, 0x0000000087700000, 0x00000000d6000000)
  object space 89088K, 20% used [0x0000000082000000,0x00000000831e9410,0x0000000087700000)
 Metaspace       used 34582K, capacity 35136K, committed 35456K, reserved 1079296K
  class space    used 4726K, capacity 4899K, committed 4992K, reserved 1048576K
}

