# JRE version: Java(TM) SE Runtime Environment (8.0_162-b12) (build 1.8.0_162-b12)
# Java VM: Java HotSpot(TM) 64-Bit Server VM (25.162-b12 mixed mode windows-amd64 compressed oops)
Heap:
 PSYoungGen      total 109568K, used 92824K [0x00000000d6000000, 0x00000000ddf00000, 0x0000000100000000)
  eden space 102400K, 84% used [0x00000000d6000000,0x00000000db407280,0x00000000dc400000)
  from space 7168K, 94% used [0x00000000dd800000,0x00000000dde9f068,0x00000000ddf00000)
  to   space 12288K, 0% used [0x00000000dc700000,0x00000000dc700000,0x00000000dd300000)
 ParOldGen       total 93184K, used 19794K [0x0000000082000000, 0x0000000087b00000, 0x00000000d6000000)
  object space 93184K, 21% used [0x0000000082000000,0x00000000833549d0,0x0000000087b00000)
 Metaspace       used 45827K, capacity 46940K, committed 47104K, reserved 1089536K
  class space    used 6266K, capacity 6579K, committed 6656K, reserved 1048576K
GC Heap History (10 events):
Event: 5.042 GC heap before
{Heap before GC invocations=8 (full 1):
 PSYoungGen      total 56320K, used 56238K [0x00000000d6000000, 0x00000000dae00000, 0x0000000100000000)
  eden space 52736K, 100% used [0x00000000d6000000,0x00000000d9380000,0x00000000d9380000)
  from space 3584K, 97% used [0x00000000daa80000,0x00000000dadebbd0,0x00000000dae00000)
  to   space 10752K, 0% used [0x00000000d9900000,0x00000000d9900000,0x00000000da380000)
 ParOldGen       total 60416K, used 10217K [0x0000000082000000, 0x0000000085b00000, 0x00000000d6000000)
  object space 60416K, 16% used [0x0000000082000000,0x00000000829fa610,0x0000000085b00000)
 Metaspace       used 27142K, capacity 27636K, committed 28032K, reserved 1073152K
  class space    used 3751K, capacity 3895K, committed 3968K, reserved 1048576K
Event: 5.048 GC heap after
Heap after GC invocations=8 (full 1):
 PSYoungGen      total 69120K, used 5145K [0x00000000d6000000, 0x00000000dc500000, 0x0000000100000000)
  eden space 58368K, 0% used [0x00000000d6000000,0x00000000d6000000,0x00000000d9900000)
  from space 10752K, 47% used [0x00000000d9900000,0x00000000d9e06618,0x00000000da380000)
  to   space 10752K, 0% used [0x00000000dba80000,0x00000000dba80000,0x00000000dc500000)
 ParOldGen       total 60416K, used 10225K [0x0000000082000000, 0x0000000085b00000, 0x00000000d6000000)
  object space 60416K, 16% used [0x0000000082000000,0x00000000829fc610,0x0000000085b00000)
 Metaspace       used 27142K, capacity 27636K, committed 28032K, reserved 1073152K
  class space    used 3751K, capacity 3895K, committed 3968K, reserved 1048576K
}
Event: 6.358 GC heap before
{Heap before GC invocations=9 (full 1):
 PSYoungGen      total 69120K, used 63513K [0x00000000d6000000, 0x00000000dc500000, 0x0000000100000000)
  eden space 58368K, 100% used [0x00000000d6000000,0x00000000d9900000,0x00000000d9900000)
  from space 10752K, 47% used [0x00000000d9900000,0x00000000d9e06618,0x00000000da380000)
  to   space 10752K, 0% used [0x00000000dba80000,0x00000000dba80000,0x00000000dc500000)
 ParOldGen       total 60416K, used 10225K [0x0000000082000000, 0x0000000085b00000, 0x00000000d6000000)
  object space 60416K, 16% used [0x0000000082000000,0x00000000829fc610,0x0000000085b00000)
 Metaspace       used 31453K, capacity 31982K, committed 32512K, reserved 1077248K
  class space    used 4317K, capacity 4516K, committed 4608K, reserved 1048576K
Event: 6.376 GC heap after
Heap after GC invocations=9 (full 1):
 PSYoungGen      total 92160K, used 8775K [0x00000000d6000000, 0x00000000dce00000, 0x0000000100000000)
  eden space 81408K, 0% used [0x00000000d6000000,0x00000000d6000000,0x00000000daf80000)
  from space 10752K, 81% used [0x00000000dba80000,0x00000000dc311c50,0x00000000dc500000)
  to   space 11264K, 0% used [0x00000000daf80000,0x00000000daf80000,0x00000000dba80000)
 ParOldGen       total 60416K, used 10225K [0x0000000082000000, 0x0000000085b00000, 0x00000000d6000000)
  object space 60416K, 16% used [0x0000000082000000,0x00000000829fc610,0x0000000085b00000)
 Metaspace       used 31453K, capacity 31982K, committed 32512K, reserved 1077248K
  class space    used 4317K, capacity 4516K, committed 4608K, reserved 1048576K
}
Event: 7.078 GC heap before
{Heap before GC invocations=10 (full 1):
 PSYoungGen      total 92160K, used 67242K [0x00000000d6000000, 0x00000000dce00000, 0x0000000100000000)
  eden space 81408K, 71% used [0x00000000d6000000,0x00000000d9918e60,0x00000000daf80000)
  from space 10752K, 81% used [0x00000000dba80000,0x00000000dc311c50,0x00000000dc500000)
  to   space 11264K, 0% used [0x00000000daf80000,0x00000000daf80000,0x00000000dba80000)
 ParOldGen       total 60416K, used 10225K [0x0000000082000000, 0x0000000085b00000, 0x00000000d6000000)
  object space 60416K, 16% used [0x0000000082000000,0x00000000829fc610,0x0000000085b00000)
 Metaspace       used 34610K, capacity 35136K, committed 35456K, reserved 1079296K
  class space    used 4724K, capacity 4899K, committed 4992K, reserved 1048576K
Event: 7.097 GC heap after
Heap after GC invocations=10 (full 1):
 PSYoungGen      total 92672K, used 11215K [0x00000000d6000000, 0x00000000de480000, 0x0000000100000000)
  eden space 81408K, 0% used [0x00000000d6000000,0x00000000d6000000,0x00000000daf80000)
  from space 11264K, 99% used [0x00000000daf80000,0x00000000dba73d88,0x00000000dba80000)
  to   space 12800K, 0% used [0x00000000dd800000,0x00000000dd800000,0x00000000de480000)
 ParOldGen       total 60416K, used 11474K [0x0000000082000000, 0x0000000085b00000, 0x00000000d6000000)
  object space 60416K, 18% used [0x0000000082000000,0x0000000082b34a40,0x0000000085b00000)
 Metaspace       used 34610K, capacity 35136K, committed 35456K, reserved 1079296K
  class space    used 4724K, capacity 4899K, committed 4992K, reserved 1048576K
}
Event: 7.097 GC heap before
{Heap before GC invocations=11 (full 2):
 PSYoungGen      total 92672K, used 11215K [0x00000000d6000000, 0x00000000de480000, 0x0000000100000000)
  eden space 81408K, 0% used [0x00000000d6000000,0x00000000d6000000,0x00000000daf80000)
  from space 11264K, 99% used [0x00000000daf80000,0x00000000dba73d88,0x00000000dba80000)
  to   space 12800K, 0% used [0x00000000dd800000,0x00000000dd800000,0x00000000de480000)
 ParOldGen       total 60416K, used 11474K [0x0000000082000000, 0x0000000085b00000, 0x00000000d6000000)
  object space 60416K, 18% used [0x0000000082000000,0x0000000082b34a40,0x0000000085b00000)
 Metaspace       used 34610K, capacity 35136K, committed 35456K, reserved 1079296K
  class space    used 4724K, capacity 4899K, committed 4992K, reserved 1048576K
Event: 7.206 GC heap after
Heap after GC invocations=11 (full 2):
 PSYoungGen      total 92672K, used 0K [0x00000000d6000000, 0x00000000de480000, 0x0000000100000000)
  eden space 81408K, 0% used [0x00000000d6000000,0x00000000d6000000,0x00000000daf80000)
  from space 11264K, 0% used [0x00000000daf80000,0x00000000daf80000,0x00000000dba80000)
  to   space 12800K, 0% used [0x00000000dd800000,0x00000000dd800000,0x00000000de480000)
 ParOldGen       total 93184K, used 19722K [0x0000000082000000, 0x0000000087b00000, 0x00000000d6000000)
  object space 93184K, 21% used [0x0000000082000000,0x00000000833429c0,0x0000000087b00000)
 Metaspace       used 34610K, capacity 35136K, committed 35456K, reserved 1079296K
  class space    used 4724K, capacity 4899K, committed 4992K, reserved 1048576K
}
Event: 8.471 GC heap before
{Heap before GC invocations=12 (full 2):
 PSYoungGen      total 92672K, used 81408K [0x00000000d6000000, 0x00000000de480000, 0x0000000100000000)
  eden space 81408K, 100% used [0x00000000d6000000,0x00000000daf80000,0x00000000daf80000)
  from space 11264K, 0% used [0x00000000daf80000,0x00000000daf80000,0x00000000dba80000)
  to   space 12800K, 0% used [0x00000000dd800000,0x00000000dd800000,0x00000000de480000)
 ParOldGen       total 93184K, used 19722K [0x0000000082000000, 0x0000000087b00000, 0x00000000d6000000)
  object space 93184K, 21% used [0x0000000082000000,0x00000000833429c0,0x0000000087b00000)
 Metaspace       used 40963K, capacity 41654K, committed 41984K, reserved 1085440K
  class space    used 5565K, capacity 5804K, committed 5888K, reserved 1048576K
Event: 8.478 GC heap after
Heap after GC invocations=12 (full 2):
 PSYoungGen      total 109568K, used 6780K [0x00000000d6000000, 0x00000000ddf00000, 0x0000000100000000)
  eden space 102400K, 0% used [0x00000000d6000000,0x00000000d6000000,0x00000000dc400000)
  from space 7168K, 94% used [0x00000000dd800000,0x00000000dde9f068,0x00000000ddf00000)
  to   space 12288K, 0% used [0x00000000dc700000,0x00000000dc700000,0x00000000dd300000)
 ParOldGen       total 93184K, used 19794K [0x0000000082000000, 0x0000000087b00000, 0x00000000d6000000)
  object space 93184K, 21% used [0x0000000082000000,0x00000000833549d0,0x0000000087b00000)
 Metaspace       used 40963K, capacity 41654K, committed 41984K, reserved 1085440K
  class space    used 5565K, capacity 5804K, committed 5888K, reserved 1048576K
}

